c:\users\sagar chopra\source\repos\data structures and algorithms practice\tree\x64\debug\vc143.pdb
c:\users\sagar chopra\source\repos\data structures and algorithms practice\tree\x64\debug\vc143.idb
c:\users\sagar chopra\source\repos\data structures and algorithms practice\tree\x64\debug\tree.obj
c:\users\sagar chopra\source\repos\data structures and algorithms practice\tree\x64\debug\iterativetraversals.obj
c:\users\sagar chopra\source\repos\data structures and algorithms practice\x64\debug\tree.pdb
c:\users\sagar chopra\source\repos\data structures and algorithms practice\tree\x64\debug\tree.tlog\cl.command.1.tlog
c:\users\sagar chopra\source\repos\data structures and algorithms practice\tree\x64\debug\tree.tlog\cl.read.1.tlog
c:\users\sagar chopra\source\repos\data structures and algorithms practice\tree\x64\debug\tree.tlog\cl.write.1.tlog
c:\users\sagar chopra\source\repos\data structures and algorithms practice\tree\x64\debug\tree.tlog\link-cvtres.read.1.tlog
c:\users\sagar chopra\source\repos\data structures and algorithms practice\tree\x64\debug\tree.tlog\link-cvtres.write.1.tlog
c:\users\sagar chopra\source\repos\data structures and algorithms practice\tree\x64\debug\tree.tlog\link-rc.read.1.tlog
c:\users\sagar chopra\source\repos\data structures and algorithms practice\tree\x64\debug\tree.tlog\link-rc.write.1.tlog
c:\users\sagar chopra\source\repos\data structures and algorithms practice\tree\x64\debug\tree.tlog\link.10124-cvtres.read.1.tlog
c:\users\sagar chopra\source\repos\data structures and algorithms practice\tree\x64\debug\tree.tlog\link.10124-cvtres.write.1.tlog
c:\users\sagar chopra\source\repos\data structures and algorithms practice\tree\x64\debug\tree.tlog\link.10124-rc.read.1.tlog
c:\users\sagar chopra\source\repos\data structures and algorithms practice\tree\x64\debug\tree.tlog\link.10124-rc.write.1.tlog
c:\users\sagar chopra\source\repos\data structures and algorithms practice\tree\x64\debug\tree.tlog\link.10124.read.1.tlog
c:\users\sagar chopra\source\repos\data structures and algorithms practice\tree\x64\debug\tree.tlog\link.10124.read.2.tlog
c:\users\sagar chopra\source\repos\data structures and algorithms practice\tree\x64\debug\tree.tlog\link.10124.write.1.tlog
c:\users\sagar chopra\source\repos\data structures and algorithms practice\tree\x64\debug\tree.tlog\link.command.1.tlog
c:\users\sagar chopra\source\repos\data structures and algorithms practice\tree\x64\debug\tree.tlog\link.read.1.tlog
c:\users\sagar chopra\source\repos\data structures and algorithms practice\tree\x64\debug\tree.tlog\link.read.2.tlog
c:\users\sagar chopra\source\repos\data structures and algorithms practice\tree\x64\debug\tree.tlog\link.write.1.tlog
